WARNING:tensorflow:From /home/aogorodnikov/anaconda3/envs/imgSudoku/lib/python3.7/site-packages/keras/backend/tensorflow_backend.py:74: The name tf.get_default_graph is deprecated. Please use tf.compat.v1.get_default_graph instead.

WARNING:tensorflow:From /home/aogorodnikov/anaconda3/envs/imgSudoku/lib/python3.7/site-packages/keras/backend/tensorflow_backend.py:517: The name tf.placeholder is deprecated. Please use tf.compat.v1.placeholder instead.

WARNING:tensorflow:From /home/aogorodnikov/anaconda3/envs/imgSudoku/lib/python3.7/site-packages/keras/backend/tensorflow_backend.py:4138: The name tf.random_uniform is deprecated. Please use tf.random.uniform instead.

WARNING:tensorflow:From /home/aogorodnikov/anaconda3/envs/imgSudoku/lib/python3.7/site-packages/keras/backend/tensorflow_backend.py:174: The name tf.get_default_session is deprecated. Please use tf.compat.v1.get_default_session instead.

WARNING:tensorflow:From /home/aogorodnikov/anaconda3/envs/imgSudoku/lib/python3.7/site-packages/keras/backend/tensorflow_backend.py:181: The name tf.ConfigProto is deprecated. Please use tf.compat.v1.ConfigProto instead.

2019-11-15 02:21:10.514282: I tensorflow/core/platform/cpu_feature_guard.cc:145] This TensorFlow binary is optimized with Intel(R) MKL-DNN to use the following CPU instructions in performance critical operations:  SSE4.1 SSE4.2 AVX AVX2 FMA
To enable them in non-MKL-DNN operations, rebuild TensorFlow with the appropriate compiler flags.
2019-11-15 02:21:10.521782: I tensorflow/core/platform/profile_utils/cpu_utils.cc:94] CPU Frequency: 2300055000 Hz
2019-11-15 02:21:10.522631: I tensorflow/compiler/xla/service/service.cc:168] XLA service 0x558b7f860e20 executing computations on platform Host. Devices:
2019-11-15 02:21:10.522657: I tensorflow/compiler/xla/service/service.cc:175]   StreamExecutor device (0): <undefined>, <undefined>
OMP: Info #212: KMP_AFFINITY: decoding x2APIC ids.
OMP: Info #210: KMP_AFFINITY: Affinity capable, using global cpuid leaf 11 info
OMP: Info #154: KMP_AFFINITY: Initial OS proc set respected: 0-15
OMP: Info #156: KMP_AFFINITY: 16 available OS procs
OMP: Info #157: KMP_AFFINITY: Uniform topology
OMP: Info #179: KMP_AFFINITY: 1 packages x 8 cores/pkg x 2 threads/core (8 total cores)
OMP: Info #214: KMP_AFFINITY: OS proc to physical thread map:
OMP: Info #171: KMP_AFFINITY: OS proc 0 maps to package 0 core 0 thread 0 
OMP: Info #171: KMP_AFFINITY: OS proc 8 maps to package 0 core 0 thread 1 
OMP: Info #171: KMP_AFFINITY: OS proc 1 maps to package 0 core 1 thread 0 
OMP: Info #171: KMP_AFFINITY: OS proc 9 maps to package 0 core 1 thread 1 
OMP: Info #171: KMP_AFFINITY: OS proc 2 maps to package 0 core 2 thread 0 
OMP: Info #171: KMP_AFFINITY: OS proc 10 maps to package 0 core 2 thread 1 
OMP: Info #171: KMP_AFFINITY: OS proc 3 maps to package 0 core 3 thread 0 
OMP: Info #171: KMP_AFFINITY: OS proc 11 maps to package 0 core 3 thread 1 
OMP: Info #171: KMP_AFFINITY: OS proc 4 maps to package 0 core 4 thread 0 
OMP: Info #171: KMP_AFFINITY: OS proc 12 maps to package 0 core 4 thread 1 
OMP: Info #171: KMP_AFFINITY: OS proc 5 maps to package 0 core 5 thread 0 
OMP: Info #171: KMP_AFFINITY: OS proc 13 maps to package 0 core 5 thread 1 
OMP: Info #171: KMP_AFFINITY: OS proc 6 maps to package 0 core 6 thread 0 
OMP: Info #171: KMP_AFFINITY: OS proc 14 maps to package 0 core 6 thread 1 
OMP: Info #171: KMP_AFFINITY: OS proc 7 maps to package 0 core 7 thread 0 
OMP: Info #171: KMP_AFFINITY: OS proc 15 maps to package 0 core 7 thread 1 
OMP: Info #250: KMP_AFFINITY: pid 38138 tid 38138 thread 0 bound to OS proc set 0
2019-11-15 02:21:10.523462: I tensorflow/core/common_runtime/process_util.cc:115] Creating new thread pool with default inter op setting: 2. Tune using inter_op_parallelism_threads for best performance.
2019-11-15 02:21:10.570637: W tensorflow/compiler/jit/mark_for_compilation_pass.cc:1412] (One-time warning): Not using XLA:CPU for cluster because envvar TF_XLA_FLAGS=--tf_xla_cpu_global_jit was not set.  If you want XLA:CPU, either set that envvar, or use experimental_jit_scope to enable XLA:CPU.  To confirm that XLA is active, pass --vmodule=xla_compilation_cache=1 (as a proper command-line flag, not via TF_XLA_FLAGS) or set the envvar XLA_FLAGS=--xla_hlo_profile.
WARNING:tensorflow:From /home/aogorodnikov/anaconda3/envs/imgSudoku/lib/python3.7/site-packages/keras/backend/tensorflow_backend.py:1834: The name tf.nn.fused_batch_norm is deprecated. Please use tf.compat.v1.nn.fused_batch_norm instead.

WARNING:tensorflow:From /home/aogorodnikov/anaconda3/envs/imgSudoku/lib/python3.7/site-packages/keras/backend/tensorflow_backend.py:3976: The name tf.nn.max_pool is deprecated. Please use tf.nn.max_pool2d instead.

WARNING:tensorflow:From /home/aogorodnikov/anaconda3/envs/imgSudoku/lib/python3.7/site-packages/keras/backend/tensorflow_backend.py:3445: calling dropout (from tensorflow.python.ops.nn_ops) with keep_prob is deprecated and will be removed in a future version.
Instructions for updating:
Please use `rate` instead of `keep_prob`. Rate should be set to `rate = 1 - keep_prob`.
WARNING:tensorflow:From /home/aogorodnikov/anaconda3/envs/imgSudoku/lib/python3.7/site-packages/keras/backend/tensorflow_backend.py:2018: The name tf.image.resize_nearest_neighbor is deprecated. Please use tf.compat.v1.image.resize_nearest_neighbor instead.

WARNING:tensorflow:From /home/aogorodnikov/anaconda3/envs/imgSudoku/lib/python3.7/site-packages/keras/optimizers.py:790: The name tf.train.Optimizer is deprecated. Please use tf.compat.v1.train.Optimizer instead.

WARNING:tensorflow:From /home/aogorodnikov/anaconda3/envs/imgSudoku/lib/python3.7/site-packages/tensorflow/python/ops/nn_impl.py:180: add_dispatch_support.<locals>.wrapper (from tensorflow.python.ops.array_ops) is deprecated and will be removed in a future version.
Instructions for updating:
Use tf.where in 2.0, which has the same broadcast rule as np.where
Autoencoder Architecture
/home/aogorodnikov/anaconda3/envs/imgSudoku/lib/python3.7/site-packages/keras/engine/training.py:490: UserWarning: Discrepancy between trainable weights and collected trainable weights, did you set `model.trainable` without calling `model.compile` after ?
  'Discrepancy between trainable weights and collected trainable'
_________________________________________________________________
Layer (type)                 Output Shape              Param #   
=================================================================
input_1 (InputLayer)         (None, 224, 224, 3)       0         
_________________________________________________________________
sequential_1 (Sequential)    (None, 64)                58553848  
_________________________________________________________________
sequential_2 (Sequential)    (None, 224, 224, 3)       59026019  
=================================================================
Total params: 117,579,867
Trainable params: 117,568,923
Non-trainable params: 10,944
_________________________________________________________________
None
Discriminator Architecture
_________________________________________________________________
Layer (type)                 Output Shape              Param #   
=================================================================
dense_7 (Dense)              (None, 4096)              266240    
_________________________________________________________________
dense_8 (Dense)              (None, 4096)              16781312  
_________________________________________________________________
dense_9 (Dense)              (None, 1)                 4097      
=================================================================
Total params: 34,103,298
Trainable params: 17,051,649
Non-trainable params: 17,051,649
_________________________________________________________________
None
Generator Architecture
_________________________________________________________________
Layer (type)                 Output Shape              Param #   
=================================================================
input_2 (InputLayer)         (None, 224, 224, 3)       0         
_________________________________________________________________
sequential_1 (Sequential)    (None, 64)                58553848  
_________________________________________________________________
sequential_3 (Sequential)    (None, 1)                 17051649  
=================================================================
Total params: 75,605,497
Trainable params: 58,542,904
Non-trainable params: 17,062,593
_________________________________________________________________
None
Found 1083 images belonging to 1 classes.
Traceback (most recent call last):
  File "aae_alexxela.py", line 311, in <module>
    adversarial=argsP.adversarial
  File "aae_alexxela.py", line 211, in train
    autoencoder_history = autoencoder.fit_generator(train_data, epochs=1)
  File "/home/aogorodnikov/anaconda3/envs/imgSudoku/lib/python3.7/site-packages/keras/legacy/interfaces.py", line 91, in wrapper
    return func(*args, **kwargs)
  File "/home/aogorodnikov/anaconda3/envs/imgSudoku/lib/python3.7/site-packages/keras/engine/training.py", line 1418, in fit_generator
    initial_epoch=initial_epoch)
  File "/home/aogorodnikov/anaconda3/envs/imgSudoku/lib/python3.7/site-packages/keras/engine/training_generator.py", line 55, in fit_generator
    raise ValueError('`steps_per_epoch=None` is only valid for a'
ValueError: `steps_per_epoch=None` is only valid for a generator based on the `keras.utils.Sequence` class. Please specify `steps_per_epoch` or use the `keras.utils.Sequence` class.
